0 info it worked if it ends with ok
1 verbose cli [ 'node', '/usr/local/bin/npm', 'publish', './' ]
2 info using npm@2.10.1
3 info using node@v0.12.4
4 verbose node symlink /usr/local/bin/node
5 verbose publish [ './' ]
6 silly cache add args [ './', null ]
7 verbose cache add spec ./
8 silly cache add parsed spec { raw: './',
8 silly cache add   scope: null,
8 silly cache add   name: null,
8 silly cache add   rawSpec: './',
8 silly cache add   spec: '/Users/omaral-safi/Work/Fedger/foxx_apps/_db/_system/foxx-vnture-issue-tracking-integration/APP/node_modules/foxxsupertest',
8 silly cache add   type: 'directory' }
9 verbose addLocalDirectory /Users/omaral-safi/.npm/foxxsupertest/0.0.3/package.tgz not in flight; packing
10 verbose tar pack [ '/Users/omaral-safi/.npm/foxxsupertest/0.0.3/package.tgz',
10 verbose tar pack   '/Users/omaral-safi/Work/Fedger/foxx_apps/_db/_system/foxx-vnture-issue-tracking-integration/APP/node_modules/foxxsupertest' ]
11 verbose tarball /Users/omaral-safi/.npm/foxxsupertest/0.0.3/package.tgz
12 verbose folder /Users/omaral-safi/Work/Fedger/foxx_apps/_db/_system/foxx-vnture-issue-tracking-integration/APP/node_modules/foxxsupertest
13 info prepublish foxxsupertest@0.0.3
14 verbose addLocalTarball adding from inside cache /Users/omaral-safi/.npm/foxxsupertest/0.0.3/package.tgz
15 silly cache afterAdd foxxsupertest@0.0.3
16 verbose afterAdd /Users/omaral-safi/.npm/foxxsupertest/0.0.3/package/package.json not in flight; writing
17 verbose afterAdd /Users/omaral-safi/.npm/foxxsupertest/0.0.3/package/package.json written
18 silly publish { name: 'foxxsupertest',
18 silly publish   version: '0.0.3',
18 silly publish   description: 'HTTP assertions adopted from Supertest for ArangoDB Foxx',
18 silly publish   main: 'index.js',
18 silly publish   scripts: { test: 'echo "Error: no test specified" && exit 1' },
18 silly publish   keywords: [ 'supertest', 'foxx', 'arangodb', 'api', 'test' ],
18 silly publish   author: { name: 'Omar Al-Safi', email: 'omarsmak@gmail.com' },
18 silly publish   license: 'MIT',
18 silly publish   repository:
18 silly publish    { type: 'git',
18 silly publish      url: 'git+https://github.com/fedgerio/foxxsupertest.git' },
18 silly publish   bugs: { url: 'https://github.com/fedgerio/foxxsupertest/issues' },
18 silly publish   homepage: 'https://github.com/fedgerio/foxxsupertest#readme',
18 silly publish   readme: '# FoxxSupertest\nHTTP assertions adopted from [Supertest](https://github.com/visionmedia/supertest#supertest-) for ArangoDB Foxx\n\n\n## Requirements\nYou will need to have **at least ArangoDb 2.6** installed.\n\n## Installation\n`npm install foxxsupertest`\n\n\n## Instructions\nYou will need to pass the following option when you first initialize the module:\n* `applicationContext` : This is the default global application context variable within your Foxx app.\n* `serverAddress` : Your ArangoDB server address, e.g: `http://localhost:8529`.\n* `baseURL` : Your database mounting point (not the Foxx mounting point), e.g: `/_db/_system`.\n\n\n\n## Examples\nFoxxSupertest works well with Mocha shipped-in with ArangoDB 2.6. The following examples demonstrate how it works as it differ a little bit from the original Supertest:\n\n```javascript\nlet request = require("foxxsupertest")(applicationContext, "http://localhost:8529");\ndescribe("GET /test", function(){\n  it("should responds with 200", function(done){\n    request\n      .get(\'/test\')\n      .expect(200)\n      .end(function(err, res){\n        if(err) throw err;\n        done();\n      });\n  });\n}\n```\nAs the original SuperTest, you can add many `expect` with different types:\n\n```javascript\nlet request = require("foxxsupertest")(applicationContext, "http://localhost:8529");\ndescribe("GET /test", function(){\n  it("should responds with json and 200", function(done){\n    request\n      .get(\'/test\')\n      .expect(\'Content-Type\', /json/)\n      .expect(200)\n      .end(function(err, res){\n        if(err) throw err;\n        done();\n      });\n  });\n}\n```\n\nIf you want to add headers and content to your request, you will need to add them to the request options since FoxxSupertest uses the [request module](https://docs.arangodb.com/ModuleRequest/index.html) shipped with ArangoDB to simulate the http requests:\n\n```javascript\nlet request = require("foxxsupertest")(applicationContext, "http://localhost:8529");\ndescribe("GET /users", function(){\n  it("should responds with json and 200", function(done){\n    request\n      .post(\'/test\',{\n        auth: {\n          username : "test",\n          password : "test"\n        },\n        body: {\n          content: "content to post"\n        },\n        json: true\n      })\n      .expect(\'Content-Type\', /json/)\n      .expect(200)\n      .end(function(err, res){\n        if(err) throw err;\n        done();\n      });\n  });\n}\n```\n\n## API\nFoxxSupertest uses the similar API which Supertest uses:\n\n### .expect(status[, fn])\n\n  Assert response `status` code.\n\n### .expect(status, body[, fn])\n\n  Assert response `status` code and `body`.\n\n### .expect(body[, fn])\n\n  Assert response `body` text with a string, regular expression, or\n  parsed body object.\n\n### .expect(field, value[, fn])\n\n  Assert header `field` `value` with a string or regular expression.\n  \n### .end(fn)\nPerform the request and invoke `fn(err, res)`.\n\n\n## Notes\nAs we mentioend before, this module was adopted from Supertest, hence we resued some of the original source code to work with this module\n\n## Author\nOmar A. Al-Safi (omarsmak@gmail.com, omar@fedger.io)\n\n## License\nMIT\n',
18 silly publish   readmeFilename: 'README.md',
18 silly publish   gitHead: 'cb0343d92a18515c181ff95899e2fd17c15ef943',
18 silly publish   _id: 'foxxsupertest@0.0.3',
18 silly publish   _shasum: '462e77bf7ff1b4f56ec47b2f64c6ff691baad085',
18 silly publish   _from: '.' }
19 verbose getPublishConfig undefined
20 silly mapToRegistry name foxxsupertest
21 silly mapToRegistry using default registry
22 silly mapToRegistry registry https://registry.npmjs.org/
23 silly mapToRegistry uri https://registry.npmjs.org/foxxsupertest
24 verbose publish registryBase https://registry.npmjs.org/
25 silly publish uploading /Users/omaral-safi/.npm/foxxsupertest/0.0.3/package.tgz
26 verbose request uri https://registry.npmjs.org/foxxsupertest
27 verbose request sending authorization for write operation
28 info attempt registry request try #1 at 22:37:26
29 verbose request using bearer token for auth
30 verbose request id 0c5fcc1dfbe9a315
31 http request PUT https://registry.npmjs.org/foxxsupertest
32 http 403 https://registry.npmjs.org/foxxsupertest
33 verbose headers { 'content-type': 'application/json',
33 verbose headers   'cache-control': 'max-age=60',
33 verbose headers   'content-length': '128',
33 verbose headers   'accept-ranges': 'bytes',
33 verbose headers   date: 'Tue, 23 Jun 2015 20:37:27 GMT',
33 verbose headers   via: '1.1 varnish',
33 verbose headers   connection: 'keep-alive',
33 verbose headers   'x-served-by': 'cache-lcy1122-LCY',
33 verbose headers   'x-cache': 'MISS',
33 verbose headers   'x-cache-hits': '0',
33 verbose headers   'x-timer': 'S1435091847.159762,VS0,VE776' }
34 verbose request invalidating /Users/omaral-safi/.npm/registry.npmjs.org/foxxsupertest on PUT
35 error publish Failed PUT 403
36 verbose stack Error: "You cannot publish over the previously published version 0.0.3. Try bumping the version to 1.0.0" : foxxsupertest
36 verbose stack     at CachingRegistryClient.<anonymous> (/usr/local/lib/node_modules/npm/node_modules/npm-registry-client/lib/request.js:247:14)
36 verbose stack     at Request._callback (/usr/local/lib/node_modules/npm/node_modules/npm-registry-client/lib/request.js:170:14)
36 verbose stack     at Request.self.callback (/usr/local/lib/node_modules/npm/node_modules/request/request.js:368:22)
36 verbose stack     at Request.emit (events.js:110:17)
36 verbose stack     at Request.<anonymous> (/usr/local/lib/node_modules/npm/node_modules/request/request.js:1219:14)
36 verbose stack     at Request.emit (events.js:129:20)
36 verbose stack     at IncomingMessage.<anonymous> (/usr/local/lib/node_modules/npm/node_modules/request/request.js:1167:12)
36 verbose stack     at IncomingMessage.emit (events.js:129:20)
36 verbose stack     at _stream_readable.js:908:16
36 verbose stack     at process._tickCallback (node.js:355:11)
37 verbose statusCode 403
38 verbose pkgid foxxsupertest
39 verbose cwd /Users/omaral-safi/Work/Fedger/foxx_apps/_db/_system/foxx-vnture-issue-tracking-integration/APP/node_modules/foxxsupertest
40 error Darwin 14.3.0
41 error argv "node" "/usr/local/bin/npm" "publish" "./"
42 error node v0.12.4
43 error npm  v2.10.1
44 error code E403
45 error "You cannot publish over the previously published version 0.0.3. Try bumping the version to 1.0.0" : foxxsupertest
46 error If you need help, you may report this error at:
46 error     <https://github.com/npm/npm/issues>
47 verbose exit [ 1, true ]
